<?xml version="1.0" encoding="UTF-8"?>
<Site BuildName="Darwin-g++-10"
	BuildStamp="20201018-0619-Experimental"
	Name="macbook-air"
	Generator="ctest-3.18.4"
	CompilerName="/usr/local/bin/g++-10"
	CompilerVersion="10.1.0"
	OSName="Mac OS X"
	Hostname="192.168.1.2"
	OSRelease="10.15.7"
	OSVersion="19H2"
	OSPlatform="x86_64"
	Is64Bits="1"
	VendorString="GenuineIntel"
	VendorID="Intel Corporation"
	FamilyID="6"
	ModelID="61"
	ProcessorCacheSize="32768"
	NumberOfLogicalCPU="4"
	NumberOfPhysicalCPU="2"
	TotalVirtualMemory="0"
	TotalPhysicalMemory="8192"
	LogicalProcessorsPerPhysical="8"
	ProcessorClockFrequency="1800"
	>
	<Testing>
		<StartDateTime>Oct 18 11:49 IST</StartDateTime>
		<StartTestTime>1603001980</StartTestTime>
		<TestList/>
		<EndDateTime>Oct 18 11:49 IST</EndDateTime>
		<EndTestTime>1603001980</EndTestTime>
		<ElapsedMinutes>0</ElapsedMinutes>
	</Testing>
</Site>
